Deployed and ready!
[2020-11-10 12:56:30 UTC] Server Ruse (Zamovinar): ?accept
<ref *2> Message {
  channel: <ref *1> TextChannel {
    type: 'text',
    deleted: false,
    id: '768476039496073227',
    name: 'log',
    rawPosition: 15,
    parentID: '768480394521477151',
    permissionOverwrites: Collection(2) [Map] {
      '768471917874905108' => [PermissionOverwrites],
      '363338561698922498' => [PermissionOverwrites]
    },
    topic: null,
    nsfw: false,
    lastMessageID: '775690364953952297',
    rateLimitPerUser: 0,
    lastPinTimestamp: null,
    guild: Guild {
      members: [GuildMemberManager],
      channels: [GuildChannelManager],
      roles: [RoleManager],
      presences: [PresenceManager],
      voiceStates: [VoiceStateManager],
      deleted: false,
      available: true,
      id: '768471917874905108',
      shardID: 0,
      name: 'Ruse',
      icon: 'c3c8659ac2dc535724378663f3f42fff',
      splash: null,
      discoverySplash: null,
      region: 'europe',
      memberCount: 11,
      large: false,
      features: [],
      applicationID: null,
      afkTimeout: 300,
      afkChannelID: null,
      systemChannelID: '768471917874905111',
      embedEnabled: undefined,
      premiumTier: 0,
      premiumSubscriptionCount: 0,
      verificationLevel: 'LOW',
      explicitContentFilter: 'DISABLED',
      mfaLevel: 0,
      joinedTimestamp: 1603377767658,
      defaultMessageNotifications: 'MENTIONS',
      systemChannelFlags: [SystemChannelFlags],
      maximumMembers: 100000,
      maximumPresences: null,
      approximateMemberCount: null,
      approximatePresenceCount: null,
      vanityURLCode: null,
      vanityURLUses: null,
      description: null,
      banner: null,
      rulesChannelID: null,
      publicUpdatesChannelID: null,
      preferredLocale: 'en-US',
      ownerID: '319919565079576576',
      emojis: [GuildEmojiManager]
    },
    messages: MessageManager {
      cacheType: [class LimitedCollection extends Collection],
      cache: [LimitedCollection [Map]],
      channel: [Circular *1]
    },
    _typing: Map(0) {}
  },
  deleted: false,
  id: '775690364953952297',
  type: 'DEFAULT',
  system: false,
  content: "[2020-11-10 12:56:33 UTC] [accept]: <@319919565079576576>'s sell transaction of 2 IFVs for 100?000,00 € was accepted by <@363338561698922498>!",
  author: ClientUser {
    id: '768845435455930428',
    system: null,
    locale: null,
    flags: UserFlags { bitfield: 0 },
    username: 'KerbalBot',
    bot: true,
    discriminator: '6538',
    avatar: '395db2a6b93082ead5034c271d0b6284',
    lastMessageID: '775690364953952297',
    lastMessageChannelID: '768476039496073227',
    verified: true,
    mfaEnabled: true,
    _typing: Map(0) {}
  },
  pinned: false,
  tts: false,
  nonce: null,
  embeds: [],
  attachments: Collection(0) [Map] {},
  createdTimestamp: 1605009394635,
  editedTimestamp: 0,
  reactions: ReactionManager {
    cacheType: [class Collection extends Collection],
    cache: Collection(0) [Map] {},
    message: [Circular *2]
  },
  mentions: MessageMentions {
    everyone: false,
    users: Collection(2) [Map] {
      '319919565079576576' => [User],
      '363338561698922498' => [User]
    },
    roles: Collection(0) [Map] {},
    _members: null,
    _channels: null,
    crosspostedChannels: Collection(0) [Map] {}
  },
  webhookID: null,
  application: null,
  activity: null,
  _edits: [],
  flags: MessageFlags { bitfield: 0 },
  reference: null
}
